Release 14.7 - xst P.20131013 (nt)
Copyright (c) 1995-2013 Xilinx, Inc.  All rights reserved.
--> Parameter TMPDIR set to xst/projnav.tmp


Total REAL time to Xst completion: 0.00 secs
Total CPU time to Xst completion: 0.13 secs
 
--> Parameter xsthdpdir set to xst


Total REAL time to Xst completion: 0.00 secs
Total CPU time to Xst completion: 0.14 secs
 
--> Reading design: counter.prj

TABLE OF CONTENTS
  1) Synthesis Options Summary
  2) HDL Parsing
  3) HDL Elaboration
  4) HDL Synthesis
       4.1) HDL Synthesis Report
  5) Advanced HDL Synthesis
       5.1) Advanced HDL Synthesis Report
  6) Low Level Synthesis
  7) Partition Report
  8) Design Summary
       8.1) Primitive and Black Box Usage
       8.2) Device utilization summary
       8.3) Partition Resource Summary
       8.4) Timing Report
            8.4.1) Clock Information
            8.4.2) Asynchronous Control Signals Information
            8.4.3) Timing Summary
            8.4.4) Timing Details
            8.4.5) Cross Clock Domains Report


=========================================================================
*                      Synthesis Options Summary                        *
=========================================================================
---- Source Parameters
Input File Name                    : "counter.prj"
Ignore Synthesis Constraint File   : NO

---- Target Parameters
Output File Name                   : "counter"
Output Format                      : NGC
Target Device                      : xc6slx9-2-tqg144

---- Source Options
Top Module Name                    : counter
Automatic FSM Extraction           : YES
FSM Encoding Algorithm             : Auto
Safe Implementation                : No
FSM Style                          : LUT
RAM Extraction                     : Yes
RAM Style                          : Auto
ROM Extraction                     : Yes
Shift Register Extraction          : YES
ROM Style                          : Auto
Resource Sharing                   : YES
Asynchronous To Synchronous        : NO
Shift Register Minimum Size        : 2
Use DSP Block                      : Auto
Automatic Register Balancing       : No

---- Target Options
LUT Combining                      : Auto
Reduce Control Sets                : Auto
Add IO Buffers                     : YES
Global Maximum Fanout              : 100000
Add Generic Clock Buffer(BUFG)     : 16
Register Duplication               : YES
Optimize Instantiated Primitives   : NO
Use Clock Enable                   : Auto
Use Synchronous Set                : Auto
Use Synchronous Reset              : Auto
Pack IO Registers into IOBs        : Auto
Equivalent register Removal        : YES

---- General Options
Optimization Goal                  : Speed
Optimization Effort                : 1
Power Reduction                    : NO
Keep Hierarchy                     : No
Netlist Hierarchy                  : As_Optimized
RTL Output                         : Yes
Global Optimization                : AllClockNets
Read Cores                         : YES
Write Timing Constraints           : NO
Cross Clock Analysis               : NO
Hierarchy Separator                : /
Bus Delimiter                      : <>
Case Specifier                     : Maintain
Slice Utilization Ratio            : 100
BRAM Utilization Ratio             : 100
DSP48 Utilization Ratio            : 100
Auto BRAM Packing                  : NO
Slice Utilization Ratio Delta      : 5

=========================================================================


=========================================================================
*                          HDL Parsing                                  *
=========================================================================
Analyzing Verilog file "F:\Xilinx\14.7\ISE_DS\counter\counter.v" into library work
Parsing module <counter>.

=========================================================================
*                            HDL Elaboration                            *
=========================================================================

Elaborating module <counter>.
WARNING:HDLCompiler:413 - "F:\Xilinx\14.7\ISE_DS\counter\counter.v" Line 33: Result of 4-bit expression is truncated to fit in 3-bit target.
WARNING:HDLCompiler:413 - "F:\Xilinx\14.7\ISE_DS\counter\counter.v" Line 40: Result of 5-bit expression is truncated to fit in 4-bit target.

=========================================================================
*                           HDL Synthesis                               *
=========================================================================

Synthesizing Unit <counter>.
    Related source file is "F:\Xilinx\14.7\ISE_DS\counter\counter.v".
WARNING:Xst:647 - Input <rst> is never used. This port will be preserved and left unconnected if it belongs to a top-level block or it belongs to a sub-block and the hierarchy of this sub-block is preserved.
    Found 4-bit register for signal <count>.
    Found 3-bit register for signal <clk_div>.
    Found 3-bit adder for signal <clk_div[2]_GND_1_o_add_1_OUT> created at line 33.
    Found 4-bit adder for signal <count[3]_GND_1_o_add_4_OUT> created at line 40.
    Summary:
	inferred   2 Adder/Subtractor(s).
	inferred   7 D-type flip-flop(s).
Unit <counter> synthesized.

=========================================================================
HDL Synthesis Report

Macro Statistics
# Adders/Subtractors                                   : 2
 3-bit adder                                           : 1
 4-bit adder                                           : 1
# Registers                                            : 2
 3-bit register                                        : 1
 4-bit register                                        : 1

=========================================================================

=========================================================================
*                       Advanced HDL Synthesis                          *
=========================================================================


Synthesizing (advanced) Unit <counter>.
The following registers are absorbed into counter <clk_div>: 1 register on signal <clk_div>.
The following registers are absorbed into counter <count>: 1 register on signal <count>.
Unit <counter> synthesized (advanced).

=========================================================================
Advanced HDL Synthesis Report

Macro Statistics
# Counters                                             : 2
 3-bit up counter                                      : 1
 4-bit up counter                                      : 1

=========================================================================

=========================================================================
*                         Low Level Synthesis                           *
=========================================================================

Optimizing unit <counter> ...

Mapping all equations...
Building and optimizing final netlist ...
Found area constraint ratio of 100 (+ 5) on block counter, actual ratio is 0.

Final Macro Processing ...

=========================================================================
Final Register Report

Macro Statistics
# Registers                                            : 7
 Flip-Flops                                            : 7

=========================================================================

=========================================================================
*                           Partition Report                            *
=========================================================================

Partition Implementation Status
-------------------------------

  No Partitions were found in this design.

-------------------------------

=========================================================================
*                            Design Summary                             *
=========================================================================

Top Level Output File Name         : counter.ngc

Primitive and Black Box Usage:
------------------------------
# BELS                             : 7
#      INV                         : 2
#      LUT2                        : 2
#      LUT3                        : 2
#      LUT4                        : 1
# FlipFlops/Latches                : 7
#      FD                          : 7
# Clock Buffers                    : 1
#      BUFGP                       : 1
# IO Buffers                       : 4
#      OBUF                        : 4

Device utilization summary:
---------------------------

Selected Device : 6slx9tqg144-2 


Slice Logic Utilization: 
 Number of Slice Registers:               7  out of  11440     0%  
 Number of Slice LUTs:                    7  out of   5720     0%  
    Number used as Logic:                 7  out of   5720     0%  

Slice Logic Distribution: 
 Number of LUT Flip Flop pairs used:     14
   Number with an unused Flip Flop:       7  out of     14    50%  
   Number with an unused LUT:             7  out of     14    50%  
   Number of fully used LUT-FF pairs:     0  out of     14     0%  
   Number of unique control sets:         2

IO Utilization: 
 Number of IOs:                           6
 Number of bonded IOBs:                   5  out of    102     4%  

Specific Feature Utilization:
 Number of BUFG/BUFGCTRLs:                1  out of     16     6%  

---------------------------
Partition Resource Summary:
---------------------------

  No Partitions were found in this design.

---------------------------


=========================================================================
Timing Report

NOTE: THESE TIMING NUMBERS ARE ONLY A SYNTHESIS ESTIMATE.
      FOR ACCURATE TIMING INFORMATION PLEASE REFER TO THE TRACE REPORT
      GENERATED AFTER PLACE-and-ROUTE.

Clock Information:
------------------
-----------------------------------+------------------------+-------+
Clock Signal                       | Clock buffer(FF name)  | Load  |
-----------------------------------+------------------------+-------+
clk                                | BUFGP                  | 3     |
clk_div_2                          | NONE(count_0)          | 4     |
-----------------------------------+------------------------+-------+
INFO:Xst:2169 - HDL ADVISOR - Some clock signals were not automatically buffered by XST with BUFG/BUFR resources. Please use the buffer_type constraint in order to insert these buffers to the clock signals to help prevent skew problems.

Asynchronous Control Signals Information:
----------------------------------------
No asynchronous control signals found in this design

Timing Summary:
---------------
Speed Grade: -2

   Minimum period: 2.375ns (Maximum Frequency: 421.053MHz)
   Minimum input arrival time before clock: No path found
   Maximum output required time after clock: 4.277ns
   Maximum combinational path delay: No path found

Timing Details:
---------------
All values displayed in nanoseconds (ns)

=========================================================================
Timing constraint: Default period analysis for Clock 'clk'
  Clock period: 2.300ns (frequency: 434.783MHz)
  Total number of paths / destination ports: 6 / 3
-------------------------------------------------------------------------
Delay:               2.300ns (Levels of Logic = 1)
  Source:            clk_div_0 (FF)
  Destination:       clk_div_0 (FF)
  Source Clock:      clk rising
  Destination Clock: clk rising

  Data Path: clk_div_0 to clk_div_0
                                Gate     Net
    Cell:in->out      fanout   Delay   Delay  Logical Name (Net Name)
    ----------------------------------------  ------------
     FD:C->Q               3   0.525   0.765  clk_div_0 (clk_div_0)
     INV:I->O              1   0.255   0.681  Mcount_clk_div_xor<0>11_INV_0 (Result<0>)
     FD:D                      0.074          clk_div_0
    ----------------------------------------
    Total                      2.300ns (0.854ns logic, 1.446ns route)
                                       (37.1% logic, 62.9% route)

=========================================================================
Timing constraint: Default period analysis for Clock 'clk_div_2'
  Clock period: 2.375ns (frequency: 421.053MHz)
  Total number of paths / destination ports: 10 / 4
-------------------------------------------------------------------------
Delay:               2.375ns (Levels of Logic = 1)
  Source:            count_0 (FF)
  Destination:       count_0 (FF)
  Source Clock:      clk_div_2 rising
  Destination Clock: clk_div_2 rising

  Data Path: count_0 to count_0
                                Gate     Net
    Cell:in->out      fanout   Delay   Delay  Logical Name (Net Name)
    ----------------------------------------  ------------
     FD:C->Q               5   0.525   0.840  count_0 (count_0)
     INV:I->O              1   0.255   0.681  Mcount_count_xor<0>11_INV_0 (Result<0>1)
     FD:D                      0.074          count_0
    ----------------------------------------
    Total                      2.375ns (0.854ns logic, 1.521ns route)
                                       (36.0% logic, 64.0% route)

=========================================================================
Timing constraint: Default OFFSET OUT AFTER for Clock 'clk_div_2'
  Total number of paths / destination ports: 4 / 4
-------------------------------------------------------------------------
Offset:              4.277ns (Levels of Logic = 1)
  Source:            count_0 (FF)
  Destination:       count<0> (PAD)
  Source Clock:      clk_div_2 rising

  Data Path: count_0 to count<0>
                                Gate     Net
    Cell:in->out      fanout   Delay   Delay  Logical Name (Net Name)
    ----------------------------------------  ------------
     FD:C->Q               5   0.525   0.840  count_0 (count_0)
     OBUF:I->O                 2.912          count_0_OBUF (count<0>)
    ----------------------------------------
    Total                      4.277ns (3.437ns logic, 0.840ns route)
                                       (80.4% logic, 19.6% route)

=========================================================================

Cross Clock Domains Report:
--------------------------

Clock to Setup on destination clock clk
---------------+---------+---------+---------+---------+
               | Src:Rise| Src:Fall| Src:Rise| Src:Fall|
Source Clock   |Dest:Rise|Dest:Rise|Dest:Fall|Dest:Fall|
---------------+---------+---------+---------+---------+
clk            |    2.300|         |         |         |
---------------+---------+---------+---------+---------+

Clock to Setup on destination clock clk_div_2
---------------+---------+---------+---------+---------+
               | Src:Rise| Src:Fall| Src:Rise| Src:Fall|
Source Clock   |Dest:Rise|Dest:Rise|Dest:Fall|Dest:Fall|
---------------+---------+---------+---------+---------+
clk_div_2      |    2.375|         |         |         |
---------------+---------+---------+---------+---------+

=========================================================================


Total REAL time to Xst completion: 4.00 secs
Total CPU time to Xst completion: 4.77 secs
 
--> 

Total memory usage is 232236 kilobytes

Number of errors   :    0 (   0 filtered)
Number of warnings :    3 (   0 filtered)
Number of infos    :    1 (   0 filtered)

